2020-10-17 12:38:45,955 - instagram_scraper.app - ERROR - Login failed for studenthsleiden
2020-10-17 12:38:45,956 - instagram_scraper.app - ERROR - {"message": "Please wait a few minutes before you try again.", "status": "fail"}
2020-10-17 12:38:56,780 - instagram_scraper.app - WARNING - Failed to get media details for CGbXKeyBPsp
2020-10-17 12:38:57,395 - instagram_scraper.app - WARNING - Failed to get media details for CGbXKevBL-G
2020-10-17 12:38:58,021 - instagram_scraper.app - WARNING - Failed to get media details for CGbXKevhw61
2020-10-17 12:38:58,668 - instagram_scraper.app - WARNING - Failed to get media details for CGbXKewBH49
2020-10-17 12:38:59,237 - instagram_scraper.app - WARNING - Failed to get media details for CGbXKexBUy5
2020-10-17 12:39:00,006 - instagram_scraper.app - WARNING - Failed to get media details for CGbXKewhvjq
2020-10-17 12:39:01,069 - instagram_scraper.app - WARNING - Failed to get media details for CGaXEUUHYeF
2020-10-17 12:39:01,806 - instagram_scraper.app - WARNING - Failed to get media details for CGaXEUUnwj8
2020-10-17 12:39:02,573 - instagram_scraper.app - WARNING - Failed to get media details for CGaXEUUnytG
2020-10-17 12:39:03,265 - instagram_scraper.app - WARNING - Failed to get media details for CGaXEUTHQx_
2020-10-17 12:39:03,989 - instagram_scraper.app - WARNING - Failed to get media details for CGaXEUVnZvH
2020-10-17 12:39:04,772 - instagram_scraper.app - WARNING - Failed to get media details for CGaMPo4pHGI
2020-10-17 12:39:05,409 - instagram_scraper.app - WARNING - Failed to get media details for CGaMPo5pu-N
2020-10-17 12:39:06,041 - instagram_scraper.app - WARNING - Failed to get media details for CGaMPo3pwJN
2020-10-17 12:39:09,914 - instagram_scraper.app - WARNING - Failed to get media details for CGXKQS1gzKw
2020-10-17 12:39:10,472 - instagram_scraper.app - WARNING - Failed to get media details for CGXKQS6gBdJ
2020-10-17 12:39:11,556 - instagram_scraper.app - WARNING - Failed to get media details for CGXKQS2ASSt
2020-10-17 12:39:12,808 - instagram_scraper.app - WARNING - Failed to get media details for CGVf83oMtcT
2020-10-17 12:39:13,604 - instagram_scraper.app - WARNING - Failed to get media details for CGVf83pss6l
2020-10-17 12:39:14,374 - instagram_scraper.app - WARNING - Failed to get media details for CGVf83qM9rp
2020-10-17 12:39:15,072 - instagram_scraper.app - WARNING - Failed to get media details for CGVf83osQwW
2020-10-17 12:39:15,851 - instagram_scraper.app - WARNING - Failed to get media details for CGVf83pMo0Z
2020-10-17 12:39:16,620 - instagram_scraper.app - WARNING - Failed to get media details for CGVf83qsjwS
2020-10-17 12:39:25,209 - instagram_scraper.app - WARNING - Failed to get media details for CGOfRdfhnZ7
2020-10-17 12:39:25,879 - instagram_scraper.app - WARNING - Failed to get media details for CGOfRdgh9sr
2020-10-17 12:39:26,424 - instagram_scraper.app - WARNING - Failed to get media details for CGOfRdehxov
2020-10-17 12:39:27,016 - instagram_scraper.app - WARNING - Failed to get media details for CGOfRdgByZU
2020-10-17 12:39:28,307 - instagram_scraper.app - WARNING - Failed to get media details for CGOHTkvJg_X
2020-10-17 12:39:28,996 - instagram_scraper.app - WARNING - Failed to get media details for CGOHTktJACj
2020-10-17 12:39:30,520 - instagram_scraper.app - WARNING - Failed to get media details for CGLVSdBDvMm
2020-10-17 12:39:31,820 - instagram_scraper.app - WARNING - Failed to get media details for CGLVSdADAC_
2020-10-17 12:39:32,851 - instagram_scraper.app - WARNING - Failed to get media details for CGLVSdBj1Gr
2020-10-17 12:39:34,872 - instagram_scraper.app - WARNING - Failed to get media details for CGISpcEHRuT
2020-10-17 12:39:35,633 - instagram_scraper.app - WARNING - Failed to get media details for CGISpcFHqwe
2020-10-17 12:39:36,335 - instagram_scraper.app - WARNING - Failed to get media details for CGISpcDnPi6
2020-10-17 12:39:37,216 - instagram_scraper.app - WARNING - Failed to get media details for CGISpcFnvsZ
2020-10-17 12:39:37,862 - instagram_scraper.app - WARNING - Failed to get media details for CGISpcDHRsD
2020-10-17 12:39:38,970 - instagram_scraper.app - WARNING - Failed to get media details for CGIB-yGlhMn
2020-10-17 12:39:39,682 - instagram_scraper.app - WARNING - Failed to get media details for CGIB-yCF4r_
2020-10-17 12:39:40,598 - instagram_scraper.app - WARNING - Failed to get media details for CGIB-yCls8K
2020-10-17 12:39:41,585 - instagram_scraper.app - WARNING - Failed to get media details for CGIB-yFFWKB
2020-10-17 12:39:42,366 - instagram_scraper.app - WARNING - Failed to get media details for CGIB-yDlEiG
2020-10-17 12:39:43,154 - instagram_scraper.app - WARNING - Failed to get media details for CGIB-yEFJUz
2020-10-17 12:39:44,004 - instagram_scraper.app - WARNING - Failed to get media details for CGIB-yFlT6S
2020-10-17 12:39:44,797 - instagram_scraper.app - WARNING - Failed to get media details for CGIB-yElib4
2020-10-17 12:39:45,512 - instagram_scraper.app - WARNING - Failed to get media details for CGIB-yFlakZ
2020-10-17 12:39:46,258 - instagram_scraper.app - WARNING - Failed to get media details for CGIB-yGFZJ7
2020-10-17 12:39:47,998 - instagram_scraper.app - WARNING - Failed to get media details for CGGB_1iMk39
2020-10-17 12:39:48,702 - instagram_scraper.app - WARNING - Failed to get media details for CGGB_1is5Lz
2020-10-17 12:39:49,416 - instagram_scraper.app - WARNING - Failed to get media details for CGGB_1hsgMZ
2020-10-17 12:39:50,261 - instagram_scraper.app - WARNING - Failed to get media details for CGGB_1kM2hu
2020-10-17 12:39:50,933 - instagram_scraper.app - WARNING - Failed to get media details for CGGB_1jM-Vk
2020-10-17 12:39:55,130 - instagram_scraper.app - WARNING - Failed to get media details for CGC8APnDQXr
2020-10-17 12:39:55,664 - instagram_scraper.app - WARNING - Failed to get media details for CGC8APpD2gh
2020-10-17 12:39:56,181 - instagram_scraper.app - WARNING - Failed to get media details for CGC8APxj2w6
